Determining if the pthread_create exist failed with the following output:
Change Dir: /home/ottelab/swarm/ros_ws/build/CMakeFiles/CMakeTmp

Run Build Command:"/usr/bin/make" "cmTC_4988f/fast"
/usr/bin/make -f CMakeFiles/cmTC_4988f.dir/build.make CMakeFiles/cmTC_4988f.dir/build
make[1]: Entering directory '/home/ottelab/swarm/ros_ws/build/CMakeFiles/CMakeTmp'
Building C object CMakeFiles/cmTC_4988f.dir/CheckSymbolExists.c.o
/usr/bin/cc     -o CMakeFiles/cmTC_4988f.dir/CheckSymbolExists.c.o   -c /home/ottelab/swarm/ros_ws/build/CMakeFiles/CMakeTmp/CheckSymbolExists.c
Linking C executable cmTC_4988f
/usr/bin/cmake -E cmake_link_script CMakeFiles/cmTC_4988f.dir/link.txt --verbose=1
/usr/bin/cc       CMakeFiles/cmTC_4988f.dir/CheckSymbolExists.c.o  -o cmTC_4988f -rdynamic 
CMakeFiles/cmTC_4988f.dir/CheckSymbolExists.c.o: In function `main':
CheckSymbolExists.c:(.text+0xa): undefined reference to `pthread_create'
collect2: error: ld returned 1 exit status
CMakeFiles/cmTC_4988f.dir/build.make:97: recipe for target 'cmTC_4988f' failed
make[1]: *** [cmTC_4988f] Error 1
make[1]: Leaving directory '/home/ottelab/swarm/ros_ws/build/CMakeFiles/CMakeTmp'
Makefile:126: recipe for target 'cmTC_4988f/fast' failed
make: *** [cmTC_4988f/fast] Error 2

File /home/ottelab/swarm/ros_ws/build/CMakeFiles/CMakeTmp/CheckSymbolExists.c:
/* */
#include <pthread.h>

int main(int argc, char** argv)
{
  (void)argv;
#ifndef pthread_create
  return ((int*)(&pthread_create))[argc];
#else
  (void)argc;
  return 0;
#endif
}

Determining if the function pthread_create exists in the pthreads failed with the following output:
Change Dir: /home/ottelab/swarm/ros_ws/build/CMakeFiles/CMakeTmp

Run Build Command:"/usr/bin/make" "cmTC_cef54/fast"
/usr/bin/make -f CMakeFiles/cmTC_cef54.dir/build.make CMakeFiles/cmTC_cef54.dir/build
make[1]: Entering directory '/home/ottelab/swarm/ros_ws/build/CMakeFiles/CMakeTmp'
Building C object CMakeFiles/cmTC_cef54.dir/CheckFunctionExists.c.o
/usr/bin/cc    -DCHECK_FUNCTION_EXISTS=pthread_create   -o CMakeFiles/cmTC_cef54.dir/CheckFunctionExists.c.o   -c /usr/share/cmake-3.5/Modules/CheckFunctionExists.c
Linking C executable cmTC_cef54
/usr/bin/cmake -E cmake_link_script CMakeFiles/cmTC_cef54.dir/link.txt --verbose=1
/usr/bin/cc   -DCHECK_FUNCTION_EXISTS=pthread_create    CMakeFiles/cmTC_cef54.dir/CheckFunctionExists.c.o  -o cmTC_cef54 -rdynamic -lpthreads 
/usr/bin/ld: cannot find -lpthreads
collect2: error: ld returned 1 exit status
CMakeFiles/cmTC_cef54.dir/build.make:97: recipe for target 'cmTC_cef54' failed
make[1]: *** [cmTC_cef54] Error 1
make[1]: Leaving directory '/home/ottelab/swarm/ros_ws/build/CMakeFiles/CMakeTmp'
Makefile:126: recipe for target 'cmTC_cef54/fast' failed
make: *** [cmTC_cef54/fast] Error 2


